<?xml version="1.0" encoding="UTF-8"?>
<testng-results skipped="0" failed="0" total="1" passed="1">
  <reporter-output>
  </reporter-output>
  <suite name="Default suite" duration-ms="10866" started-at="2019-10-21T16:55:36Z" finished-at="2019-10-21T16:55:46Z">
    <groups>
    </groups>
    <test name="Default test" duration-ms="10866" started-at="2019-10-21T16:55:36Z" finished-at="2019-10-21T16:55:46Z">
      <class name="org.automation.testing.sampletestcaseforjenkinsautomation.TC_001_SampleTestCase">
        <test-method status="PASS" signature="fblogin()[pri:0, instance:org.automation.testing.sampletestcaseforjenkinsautomation.TC_001_SampleTestCase@7823a2f9]" name="fblogin" duration-ms="10832" started-at="2019-10-21T22:25:36Z" finished-at="2019-10-21T22:25:46Z">
          <reporter-output>
          </reporter-output>
        </test-method> <!-- fblogin -->
      </class> <!-- org.automation.testing.sampletestcaseforjenkinsautomation.TC_001_SampleTestCase -->
    </test> <!-- Default test -->
  </suite> <!-- Default suite -->
</testng-results>
